BGH631M__BSC104_BarmougKurd_1     	PLD2190__S_Palandari_SS           	1	410-01-480-12190                  
BGH631M__BSC104_BarmougKurd_1     	PLD2190__S_Palandari_SS           	1	410-01-480-22190                  
BGH631M__BSC104_BarmougKurd_1     	PLD2190__S_Palandari_SS           	1	410-01-480-32190                  
BGH631M__BSC104_BarmougKurd_1     	RUR1203__H_ToppaAzadKashmir_OLD   	2	410-01-670-11203                  
BGH631M__BSC104_BarmougKurd_1     	RUR1203__H_ToppaAzadKashmir_OLD   	2	410-01-670-21203                  
BGH631M__BSC104_BarmougKurd_1     	RWK2051__S_CpHussainCollege_OLD   	3	410-01-670-12051                  
BGH631M__BSC104_BarmougKurd_1     	RWK2051__S_CpHussainCollege_OLD   	3	410-01-670-22051                  
BGH631M__BSC104_BarmougKurd_1     	RWK2051__S_CpHussainCollege_OLD   	3	410-01-670-32051                  
BGH631M__BSC104_BarmougKurd_1     	RWK2052__S_AEConstrctinOf_OLD     	4	410-01-670-12052                  
BGH631M__BSC104_BarmougKurd_1     	RWK2052__S_AEConstrctinOf_OLD     	4	410-01-670-22052                  
BGH631M__BSC104_BarmougKurd_1     	RWK2052__S_AEConstrctinOf_OLD     	4	410-01-670-32052                  
BGH631M__BSC104_BarmougKurd_1     	RKR2396__S_ChotaGala_OLD          	6	410-01-670-12396                  
BGH631M__BSC104_BarmougKurd_1     	RKR2396__S_ChotaGala_OLD          	6	410-01-670-22396                  
BGH631M__BSC104_BarmougKurd_1     	RKR2396__S_ChotaGala_OLD          	6	410-01-670-32396                  
BGH631M__BSC104_BarmougKurd_1     	RKR2347__S_Khokut_old             	7	410-01-670-12347                  
BGH631M__BSC104_BarmougKurd_1     	RKR2347__S_Khokut_old             	7	410-01-670-22347                  
BGH631M__BSC104_BarmougKurd_1     	RKR2347__S_Khokut_old             	7	410-01-670-32347                  
BGH631M__BSC104_BarmougKurd_1     	RKR2392__S_Damni                  	8	410-01-670-12392                  
BGH631M__BSC104_BarmougKurd_1     	RKR2392__S_Damni                  	8	410-01-670-22392                  
BGH631M__BSC104_BarmougKurd_1     	RKR2392__S_Damni                  	8	410-01-670-32392                  
BGH631M__BSC104_BarmougKurd_1     	RKR2370__S_Banjosa_OLD            	9	410-01-670-12370                  
BGH631M__BSC104_BarmougKurd_1     	RKR2370__S_Banjosa_OLD            	9	410-01-670-22370                  
BGH631M__BSC104_BarmougKurd_1     	RKR2370__S_Banjosa_OLD            	9	410-01-670-32370                  
BGH631M__BSC104_BarmougKurd_1     	RKR2341__S_AliSojal_old           	10	410-01-670-12341                  
BGH631M__BSC104_BarmougKurd_1     	RKR2341__S_AliSojal_old           	10	410-01-670-22341                  
BGH631M__BSC104_BarmougKurd_1     	RKR2341__S_AliSojal_old           	10	410-01-670-32341                  
BGH631M__BSC104_BarmougKurd_1     	PLD2238__S_PoliceStation_old      	11	410-01-670-12238                  
BGH631M__BSC104_BarmougKurd_1     	PLD2238__S_PoliceStation_old      	11	410-01-670-22238                  
BGH631M__BSC104_BarmougKurd_1     	PLD2238__S_PoliceStation_old      	11	410-01-670-32238                  
BGH631M__BSC104_BarmougKurd_1     	RWK2994__H_Detoat_old             	12	410-01-670-12994                  
BGH631M__BSC104_BarmougKurd_1     	RWK2994__H_Detoat_old             	12	410-01-670-22994                  
BGH631M__BSC104_BarmougKurd_1     	RWK2994__H_Detoat_old             	12	410-01-670-32994                  
BGH631M__BSC104_BarmougKurd_1     	RKR2395__S_KuianBasti_OLD         	16	410-01-670-12395                  
BGH631M__BSC104_BarmougKurd_1     	RKR2395__S_KuianBasti_OLD         	16	410-01-670-22395                  
BGH631M__BSC104_BarmougKurd_1     	RKR2395__S_KuianBasti_OLD         	16	410-01-670-32395                  
BGH631M__BSC104_BarmougKurd_1     	RKR2369__S_TrarKhall_OLD          	17	410-01-670-12369                  
BGH631M__BSC104_BarmougKurd_1     	RKR2369__S_TrarKhall_OLD          	17	410-01-670-22369                  
BGH631M__BSC104_BarmougKurd_1     	RKR2369__S_TrarKhall_OLD          	17	410-01-670-32369                  
BGH631M__BSC104_BarmougKurd_1     	RKR2424__S_Dothan_old             	18	410-01-670-12424                  
BGH631M__BSC104_BarmougKurd_1     	RKR2424__S_Dothan_old             	18	410-01-670-22424                  
BGH631M__BSC104_BarmougKurd_1     	RKR2424__S_Dothan_old             	18	410-01-670-32424                  
BGH631M__BSC104_BarmougKurd_1     	RUR0269__S_Baithak_old            	19	410-01-670-10269                  
BGH631M__BSC104_BarmougKurd_1     	RUR0269__S_Baithak_old            	19	410-01-670-20269                  
BGH631M__BSC104_BarmougKurd_1     	RUR0269__S_Baithak_old            	19	410-01-670-30269                  
BGH631M__BSC104_BarmougKurd_1     	RKR2371__S_PakGalli_OLD           	20	410-01-480-12371                  
BGH631M__BSC104_BarmougKurd_1     	RKR2371__S_PakGalli_OLD           	20	410-01-480-22371                  
BGH631M__BSC104_BarmougKurd_1     	RKR2371__S_PakGalli_OLD           	20	410-01-480-32371                  
BGH631M__BSC104_BarmougKurd_1     	RKR2952__S_Hajira_old             	21	410-01-777-12952                  
BGH631M__BSC104_BarmougKurd_1     	RKR2952__S_Hajira_old             	21	410-01-777-22952                  
BGH631M__BSC104_BarmougKurd_1     	RKR2952__S_Hajira_old             	21	410-01-777-32952                  
BGH631M__BSC104_BarmougKurd_1     	KPC2192__S_KheriyaBaroota_OLD     	23	410-01-5555-12192                 
BGH631M__BSC104_BarmougKurd_1     	KPC2192__S_KheriyaBaroota_OLD     	23	410-01-5555-22192                 
BGH631M__BSC104_BarmougKurd_1     	KPC2192__S_KheriyaBaroota_OLD     	23	410-01-5555-32192                 
BGH631M__BSC104_BarmougKurd_1     	BSS-31:SITE-86:                   	86	410-01-44444-104                  
BGH631M__BSC104_BarmougKurd_1     	BSS-31:SITE-86:                   	86	410-01-55555-104                  
CHD599M__BSC107_CharsadaCity_1    	BSS-99:SITE-86:                   	86	410-01-44444-107                  
CHD599M__BSC107_CharsadaCity_1    	BSS-99:SITE-86:                   	86	410-01-55555-107                  
CWA097M__BSC19_CityCenter         	CWA1033__H_CityCenter_OLD         	1	410-01-631-11033                  
CWA097M__BSC19_CityCenter         	CWA1033__H_CityCenter_OLD         	1	410-01-631-21033                  
CWA097M__BSC19_CityCenter         	CWA1033__H_CityCenter_OLD         	1	410-01-631-31033                  
CWA097M__BSC19_CityCenter         	CWA1033_H_CityCenter_D_OLD        	2	410-01-631-41033                  
CWA097M__BSC19_CityCenter         	CWA1491__S_Sarpak_OLD             	3	410-01-631-11491                  
CWA097M__BSC19_CityCenter         	CWA1491__S_Sarpak_OLD             	3	410-01-631-21491                  
CWA097M__BSC19_CityCenter         	CWA1491__S_Sarpak_OLD             	3	410-01-631-31491                  
CWA097M__BSC19_CityCenter         	CWA1009__H_SabziMandi_OLD         	4	410-01-631-11009                  
CWA097M__BSC19_CityCenter         	CWA1009__H_SabziMandi_OLD         	4	410-01-631-21009                  
CWA097M__BSC19_CityCenter         	CWA1009__H_SabziMandi_OLD         	4	410-01-631-31009                  
CWA097M__BSC19_CityCenter         	RUR1531__S_Khanpur_OLD            	6	410-01-631-11531                  
CWA097M__BSC19_CityCenter         	RUR1531__S_Khanpur_OLD            	6	410-01-631-21531                  
CWA097M__BSC19_CityCenter         	RUR1531__S_Khanpur_OLD            	6	410-01-631-31531                  
CWA097M__BSC19_CityCenter         	CWA1009_H_SabziManidi_D_OLD       	7	410-01-631-41009                  
CWA097M__BSC19_CityCenter         	CWA1492__S_MohallahGharbi_ML      	8	410-01-631-11492                  
CWA097M__BSC19_CityCenter         	CWA1492__S_MohallahGharbi_ML      	8	410-01-631-21492                  
CWA097M__BSC19_CityCenter         	CWA1492__S_MohallahGharbi_ML      	8	410-01-631-31492                  
CWA097M__BSC19_CityCenter         	CWA2257__S_Usmanabad_OLD          	9	410-01-631-12257                  
CWA097M__BSC19_CityCenter         	CWA2257__S_Usmanabad_OLD          	9	410-01-631-22257                  
CWA097M__BSC19_CityCenter         	CWA2257__S_Usmanabad_OLD          	9	410-01-631-32257                  
CWA097M__BSC19_CityCenter         	JHT2882__S_Jhatla_OLD             	10	410-01-631-12882                  
CWA097M__BSC19_CityCenter         	JHT2882__S_Jhatla_OLD             	10	410-01-631-22882                  
CWA097M__BSC19_CityCenter         	JHT2882__S_Jhatla_OLD             	10	410-01-631-32882                  
CWA097M__BSC19_CityCenter         	RUR1530__S_MalhalMoghlan_OLD      	11	410-01-631-11530                  
CWA097M__BSC19_CityCenter         	RUR1530__S_MalhalMoghlan_OLD      	11	410-01-631-21530                  
CWA097M__BSC19_CityCenter         	RUR1530__S_MalhalMoghlan_OLD      	11	410-01-631-31530                  
CWA097M__BSC19_CityCenter         	CWA1493__S_Rescue15_OLD           	12	410-01-631-11493                  
CWA097M__BSC19_CityCenter         	CWA1493__S_Rescue15_OLD           	12	410-01-631-21493                  
CWA097M__BSC19_CityCenter         	CWA1493__S_Rescue15_OLD           	12	410-01-631-31493                  
CWA097M__BSC19_CityCenter         	HAR2214__S_Didhwall_OLD           	13	410-01-631-12214                  
CWA097M__BSC19_CityCenter         	HAR2214__S_Didhwall_OLD           	13	410-01-631-22214                  
CWA097M__BSC19_CityCenter         	HAR2214__S_Didhwall_OLD           	13	410-01-631-32214                  
CWA097M__BSC19_CityCenter         	HAR2213__H_BhalaSharif_OLD        	14	410-01-631-12213                  
CWA097M__BSC19_CityCenter         	HAR2213__H_BhalaSharif_OLD        	14	410-01-631-22213                  
CWA097M__BSC19_CityCenter         	HAR2213__H_BhalaSharif_OLD        	14	410-01-631-32213                  
CWA097M__BSC19_CityCenter         	PTK2569__S_Potaki_OLD             	16	410-01-631-12569                  
CWA097M__BSC19_CityCenter         	PTK2569__S_Potaki_OLD             	16	410-01-631-22569                  
CWA097M__BSC19_CityCenter         	PTK2569__S_Potaki_OLD             	16	410-01-631-32569                  
CWA097M__BSC19_CityCenter         	BBH2253__S_Bhabharr_OLD           	17	410-01-631-12253                  
CWA097M__BSC19_CityCenter         	BBH2253__S_Bhabharr_OLD           	17	410-01-631-22253                  
CWA097M__BSC19_CityCenter         	BBH2253__S_Bhabharr_OLD           	17	410-01-631-32253                  
CWA097M__BSC19_CityCenter         	CWA2821__S_RahmaniaMhlh_OLD       	18	410-01-631-12821                  
CWA097M__BSC19_CityCenter         	CWA2821__S_RahmaniaMhlh_OLD       	18	410-01-631-22821                  
CWA097M__BSC19_CityCenter         	CWA2821__S_RahmaniaMhlh_OLD       	18	410-01-631-32821                  
CWA097M__BSC19_CityCenter         	RUR0117__S_ArraBasharat_OLD       	19	410-01-631-10117                  
CWA097M__BSC19_CityCenter         	RUR0117__S_ArraBasharat_OLD       	19	410-01-631-20117                  
CWA097M__BSC19_CityCenter         	RUR0117__S_ArraBasharat_OLD       	19	410-01-631-30117                  
CWA097M__BSC19_CityCenter         	HAR2212__S_Jhanga_OLD             	21	410-01-631-12212                  
CWA097M__BSC19_CityCenter         	HAR2212__S_Jhanga_OLD             	21	410-01-631-22212                  
CWA097M__BSC19_CityCenter         	HAR2212__S_Jhanga_OLD             	21	410-01-631-32212                  
CWA097M__BSC19_CityCenter         	HAR2212__S_Jhanga_OLD             	21	410-01-631-42212                  
CWA097M__BSC19_CityCenter         	JHT2881__S_Sarain_OLD             	22	410-01-631-12881                  
CWA097M__BSC19_CityCenter         	JHT2881__S_Sarain_OLD             	22	410-01-631-22881                  
CWA097M__BSC19_CityCenter         	JHT2881__S_Sarain_OLD             	22	410-01-631-32881                  
CWA097M__BSC19_CityCenter         	CWA0371__S_Rescue15_OLD           	23	410-01-631-10371                  
CWA097M__BSC19_CityCenter         	CWA0371__S_Rescue15_OLD           	23	410-01-631-20371                  
CWA097M__BSC19_CityCenter         	CWA0371__S_Rescue15_OLD           	23	410-01-631-30371                  
CWA459M__BSC35_Balkasar           	HWY2153__H_Venhar_OLD             	1	410-01-632-12153                  
CWA459M__BSC35_Balkasar           	HWY2153__H_Venhar_OLD             	1	410-01-632-22153                  
CWA459M__BSC35_Balkasar           	HWY2153__H_Venhar_OLD             	1	410-01-632-32153                  
CWA459M__BSC35_Balkasar           	TMH2573__S_ThyaMehramSharif_OLD   	2	410-01-634-12573                  
CWA459M__BSC35_Balkasar           	TMH2573__S_ThyaMehramSharif_OLD   	2	410-01-634-22573                  
CWA459M__BSC35_Balkasar           	TMH2573__S_ThyaMehramSharif_OLD   	2	410-01-634-32573                  
CWA459M__BSC35_Balkasar           	HWY2155__S_Jhattla_OLD            	3	410-01-634-12155                  
CWA459M__BSC35_Balkasar           	HWY2155__S_Jhattla_OLD            	3	410-01-634-22155                  
CWA459M__BSC35_Balkasar           	HWY2155__S_Jhattla_OLD            	3	410-01-634-32155                  
CWA459M__BSC35_Balkasar           	SGR2843__S_Mogla_OLD              	4	410-01-632-12843                  
CWA459M__BSC35_Balkasar           	SGR2843__S_Mogla_OLD              	4	410-01-632-22843                  
CWA459M__BSC35_Balkasar           	SGR2843__S_Mogla_OLD              	4	410-01-632-32843                  
CWA459M__BSC35_Balkasar           	SGR2844__S_Sangwala_OLD           	5	410-01-632-12844                  
CWA459M__BSC35_Balkasar           	SGR2844__S_Sangwala_OLD           	5	410-01-632-22844                  
CWA459M__BSC35_Balkasar           	SGR2844__S_Sangwala_OLD           	5	410-01-632-32844                  
CWA459M__BSC35_Balkasar           	SGR2842__S_Saghar_OLD             	6	410-01-632-12842                  
CWA459M__BSC35_Balkasar           	SGR2842__S_Saghar_OLD             	6	410-01-632-22842                  
CWA459M__BSC35_Balkasar           	SGR2842__S_Saghar_OLD             	6	410-01-632-32842                  
CWA459M__BSC35_Balkasar           	HWY2159__S_KotSarang_OLD          	7	410-01-1111-12159                 
CWA459M__BSC35_Balkasar           	HWY2159__S_KotSarang_OLD          	7	410-01-1111-22159                 
CWA459M__BSC35_Balkasar           	HWY2159__S_KotSarang_OLD          	7	410-01-1111-32159                 
CWA459M__BSC35_Balkasar           	RUR1649__S_ChingiTalagang_OLD     	8	410-01-634-11649                  
CWA459M__BSC35_Balkasar           	RUR1649__S_ChingiTalagang_OLD     	8	410-01-634-21649                  
CWA459M__BSC35_Balkasar           	RUR1649__S_ChingiTalagang_OLD     	8	410-01-634-31649                  
CWA459M__BSC35_Balkasar           	TMM2108__S_Dillewali_OLD          	9	410-01-634-12108                  
CWA459M__BSC35_Balkasar           	TMM2108__S_Dillewali_OLD          	9	410-01-634-22108                  
CWA459M__BSC35_Balkasar           	TMM2108__S_Dillewali_OLD          	9	410-01-634-32108                  
CWA459M__BSC35_Balkasar           	HWY0274__S_Akwal_OLD              	10	410-01-1111-10274                 
CWA459M__BSC35_Balkasar           	HWY0274__S_Akwal_OLD              	10	410-01-1111-20274                 
CWA459M__BSC35_Balkasar           	HWY0274__S_Akwal_OLD              	10	410-01-1111-30274                 
CWA459M__BSC35_Balkasar           	KHK8314__S_Mariewala_OLD          	11	410-01-634-18314                  
CWA459M__BSC35_Balkasar           	KHK8314__S_Mariewala_OLD          	11	410-01-634-28314                  
CWA459M__BSC35_Balkasar           	KHK8314__S_Mariewala_OLD          	11	410-01-634-38314                  
CWA459M__BSC35_Balkasar           	KHK8601__S_Khabiki3_SS            	12	410-01-634-18601                  
CWA459M__BSC35_Balkasar           	KHK8601__S_Khabiki3_SS            	12	410-01-634-28601                  
CWA459M__BSC35_Balkasar           	KHK8601__S_Khabiki3_SS            	12	410-01-634-38601                  
CWA459M__BSC35_Balkasar           	RUR0544__S_DhurnalKangra_OLD      	13	410-01-634-10544                  
CWA459M__BSC35_Balkasar           	RUR0544__S_DhurnalKangra_OLD      	13	410-01-634-20544                  
CWA459M__BSC35_Balkasar           	RUR0544__S_DhurnalKangra_OLD      	13	410-01-634-30544                  
CWA459M__BSC35_Balkasar           	BLM2867__S_Bhilomar_OLD           	16	410-01-634-12867                  
CWA459M__BSC35_Balkasar           	BLM2867__S_Bhilomar_OLD           	16	410-01-634-22867                  
CWA459M__BSC35_Balkasar           	BLM2867__S_Bhilomar_OLD           	16	410-01-634-32867                  
CWA459M__BSC35_Balkasar           	LTI2958__S_DhokMosahib_OLD        	17	410-01-632-12958                  
CWA459M__BSC35_Balkasar           	LTI2958__S_DhokMosahib_OLD        	17	410-01-632-22958                  
CWA459M__BSC35_Balkasar           	LTI2958__S_DhokMosahib_OLD        	17	410-01-632-32958                  
KTI574M__BSC28_LASDAMAN_1         	KTI1068__H_Dangi_old              	1	410-01-671-11068                  
KTI574M__BSC28_LASDAMAN_1         	KTI1068__H_Dangi_old              	1	410-01-671-21068                  
KTI574M__BSC28_LASDAMAN_1         	KTI1068__H_Dangi_old              	1	410-01-671-31068                  
KTI574M__BSC28_LASDAMAN_1         	KTR2441__S_Panag_old              	2	410-01-777-12441                  
KTI574M__BSC28_LASDAMAN_1         	KTR2441__S_Panag_old              	2	410-01-777-22441                  
KTI574M__BSC28_LASDAMAN_1         	KTR2441__S_Panag_old              	2	410-01-777-32441                  
KTI574M__BSC28_LASDAMAN_1         	KTI2053__S_LarriAdda_old          	3	410-01-671-12053                  
KTI574M__BSC28_LASDAMAN_1         	KTI2053__S_LarriAdda_old          	3	410-01-671-22053                  
KTI574M__BSC28_LASDAMAN_1         	KTI2053__S_LarriAdda_old          	3	410-01-671-32053                  
KTI574M__BSC28_LASDAMAN_1         	KTR2610__S_DhandiVillage_old      	4	410-01-777-12610                  
KTI574M__BSC28_LASDAMAN_1         	KTR2610__S_DhandiVillage_old      	4	410-01-777-22610                  
KTI574M__BSC28_LASDAMAN_1         	KTR2610__S_DhandiVillage_old      	4	410-01-777-32610                  
KTI574M__BSC28_LASDAMAN_1         	KTI1231__S_Kotli2_old             	5	410-01-671-11231                  
KTI574M__BSC28_LASDAMAN_1         	KTI1231__S_Kotli2_old             	5	410-01-671-21231                  
KTI574M__BSC28_LASDAMAN_1         	KTI1231__S_Kotli2_old             	5	410-01-671-31231                  
KTI574M__BSC28_LASDAMAN_1         	KTR2432__S_Sarsawa_old            	6	410-01-671-12432                  
KTI574M__BSC28_LASDAMAN_1         	KTR2432__S_Sarsawa_old            	6	410-01-671-22432                  
KTI574M__BSC28_LASDAMAN_1         	KTR2432__S_Sarsawa_old            	6	410-01-671-32432                  
KTI574M__BSC28_LASDAMAN_1         	KTR2440__S_ThQamarotti_C_OLD      	7	410-01-431-2440                   
KTI574M__BSC28_LASDAMAN_1         	KTR2440__S_ThQamarotti_C_OLD      	7	410-01-431-32440                  
KTI574M__BSC28_LASDAMAN_1         	KTR0231__S_Balouch_old            	8	410-01-671-10231                  
KTI574M__BSC28_LASDAMAN_1         	KTR0231__S_Balouch_old            	8	410-01-671-20231                  
KTI574M__BSC28_LASDAMAN_1         	KTR0231__S_Balouch_old            	8	410-01-671-30231                  
KTI574M__BSC28_LASDAMAN_1         	KTR2437__S_Panakha_old            	9	410-01-671-12437                  
KTI574M__BSC28_LASDAMAN_1         	KTR2437__S_Panakha_old            	9	410-01-671-22437                  
KTI574M__BSC28_LASDAMAN_1         	KTR2437__S_Panakha_old            	9	410-01-671-32437                  
KTI574M__BSC28_LASDAMAN_1         	KTR2440__S_TheQamarotti_AB_OLD    	10	410-01-431-12440                  
KTI574M__BSC28_LASDAMAN_1         	KTR2440__S_TheQamarotti_AB_OLD    	10	410-01-431-22440                  
KTI574M__BSC28_LASDAMAN_1         	KTR2440__S_TheQamarotti_AB_OLD    	10	410-01-431-42440                  
KTI574M__BSC28_LASDAMAN_1         	KTR2440__S_TheQamarotti_AB_OLD    	10	410-01-431-52440                  
KTI574M__BSC28_LASDAMAN_1         	KTI2199__S_Nahrowi_old            	11	410-01-671-12199                  
KTI574M__BSC28_LASDAMAN_1         	KTI2199__S_Nahrowi_old            	11	410-01-671-22199                  
KTI574M__BSC28_LASDAMAN_1         	KTI2199__S_Nahrowi_old            	11	410-01-671-32199                  
KTI574M__BSC28_LASDAMAN_1         	KTR2416__S_BharmojKotli_OLD       	13	410-01-431-12416                  
KTI574M__BSC28_LASDAMAN_1         	KTR2416__S_BharmojKotli_OLD       	13	410-01-431-22416                  
KTI574M__BSC28_LASDAMAN_1         	KTR2416__S_BharmojKotli_OLD       	13	410-01-431-32416                  
KTI574M__BSC28_LASDAMAN_1         	KTI7802__H_Lasdam_old             	14	410-01-671-17802                  
KTI574M__BSC28_LASDAMAN_1         	KTI7802__H_Lasdam_old             	14	410-01-671-27802                  
KTI574M__BSC28_LASDAMAN_1         	KTI7802__H_Lasdam_old             	14	410-01-671-37802                  
KTI574M__BSC28_LASDAMAN_1         	KTR2448__S_Pagwari_old            	15	410-01-671-12448                  
KTI574M__BSC28_LASDAMAN_1         	KTR2448__S_Pagwari_old            	15	410-01-671-22448                  
KTI574M__BSC28_LASDAMAN_1         	KTR2448__S_Pagwari_old            	15	410-01-671-32448                  
KTI574M__BSC28_LASDAMAN_1         	KTR2431__S_Panjera_old            	16	410-01-671-12431                  
KTI574M__BSC28_LASDAMAN_1         	KTR2431__S_Panjera_old            	16	410-01-671-22431                  
KTI574M__BSC28_LASDAMAN_1         	KTR2431__S_Panjera_old            	16	410-01-671-32431                  
KTI574M__BSC28_LASDAMAN_1         	KTR2457__S_TattaPani_old          	20	410-01-671-12457                  
KTI574M__BSC28_LASDAMAN_1         	KTR2457__S_TattaPani_old          	20	410-01-671-22457                  
KTI574M__BSC28_LASDAMAN_1         	KTR2457__S_TattaPani_old          	20	410-01-671-2457                   
KTI574M__BSC28_LASDAMAN_1         	KTR2457__S_TattaPani_old          	20	410-01-671-32457                  
KTI574M__BSC28_LASDAMAN_1         	KTR2457__S_TattaPani_old          	20	410-01-671-52457                  
KTI574M__BSC28_LASDAMAN_1         	KTR2453__S_Nakial_old             	22	410-01-671-12453                  
KTI574M__BSC28_LASDAMAN_1         	KTR2453__S_Nakial_old             	22	410-01-671-22453                  
KTI574M__BSC28_LASDAMAN_1         	KTR2453__S_Nakial_old             	22	410-01-671-32453                  
KTI574M__BSC28_LASDAMAN_1         	KTR0163__S_TataPaniKhaws_OLD      	23	410-01-431-10163                  
KTI574M__BSC28_LASDAMAN_1         	KTR0163__S_TataPaniKhaws_OLD      	23	410-01-431-20163                  
KTI574M__BSC28_LASDAMAN_1         	KTR0163__S_TataPaniKhaws_OLD      	23	410-01-431-30163                  
KTI574M__BSC28_LASDAMAN_1         	RUR0278__S_BalouchKajeri_OLD      	24	410-01-431-10278                  
KTI574M__BSC28_LASDAMAN_1         	RUR0278__S_BalouchKajeri_OLD      	24	410-01-431-20278                  
KTI574M__BSC28_LASDAMAN_1         	RUR0278__S_BalouchKajeri_OLD      	24	410-01-431-30278                  
MRD168M__BSC55_PakistanChowk_2    	CHG2270__P_Gariyala_OLD           	1	410-01-642-12270                  
MRD168M__BSC55_PakistanChowk_2    	CHG2270__P_Gariyala_OLD           	1	410-01-642-22270                  
MRD168M__BSC55_PakistanChowk_2    	CHG2270__P_Gariyala_OLD           	1	410-01-642-32270                  
MRD168M__BSC55_PakistanChowk_2    	RUR2003__H_GjrtBkhshli_BE_OLD     	2	410-01-642-22003                  
MRD168M__BSC55_PakistanChowk_2    	RUR2003__H_GjrtBkhshli_BE_OLD     	2	410-01-642-52003                  
MRD168M__BSC55_PakistanChowk_2    	RUR2007__S_DubaiAddaMdn_OLD       	3	410-01-642-12007                  
MRD168M__BSC55_PakistanChowk_2    	RUR2007__S_DubaiAddaMdn_OLD       	3	410-01-642-22007                  
MRD168M__BSC55_PakistanChowk_2    	RUR2007__S_DubaiAddaMdn_OLD       	3	410-01-642-32007                  
MRD168M__BSC55_PakistanChowk_2    	CHG2269__S_Chargali_OLD           	4	410-01-642-12269                  
MRD168M__BSC55_PakistanChowk_2    	CHG2269__S_Chargali_OLD           	4	410-01-642-22269                  
MRD168M__BSC55_PakistanChowk_2    	CHG2269__S_Chargali_OLD           	4	410-01-642-32269                  
MRD168M__BSC55_PakistanChowk_2    	SHB1435__H_LacksonLeaf_OLD        	6	410-01-642-11435                  
MRD168M__BSC55_PakistanChowk_2    	SHB1435__H_LacksonLeaf_OLD        	6	410-01-642-21435                  
MRD168M__BSC55_PakistanChowk_2    	SHB1435__H_LacksonLeaf_OLD        	6	410-01-642-31435                  
MRD168M__BSC55_PakistanChowk_2    	RUR0529__S_ShankarFatima_OLD      	8	410-01-642-10529                  
MRD168M__BSC55_PakistanChowk_2    	RUR0529__S_ShankarFatima_OLD      	8	410-01-642-20529                  
MRD168M__BSC55_PakistanChowk_2    	RUR0529__S_ShankarFatima_OLD      	8	410-01-642-30529                  
MRD168M__BSC55_PakistanChowk_2    	RTM1636__S_RustamCity             	9	410-01-642-11636                  
MRD168M__BSC55_PakistanChowk_2    	RTM1636__S_RustamCity             	9	410-01-642-21636                  
MRD168M__BSC55_PakistanChowk_2    	RTM1636__S_RustamCity             	9	410-01-642-31636                  
MRD168M__BSC55_PakistanChowk_2    	RTM1637__H_Hamzakot_OLD           	10	410-01-642-11637                  
MRD168M__BSC55_PakistanChowk_2    	RTM1637__H_Hamzakot_OLD           	10	410-01-642-21637                  
MRD168M__BSC55_PakistanChowk_2    	RTM1637__H_Hamzakot_OLD           	10	410-01-642-31637                  
MRD168M__BSC55_PakistanChowk_2    	HWY2038__S_GarhiKapura_OLD        	12	410-01-642-12038                  
MRD168M__BSC55_PakistanChowk_2    	HWY2038__S_GarhiKapura_OLD        	12	410-01-642-22038                  
MRD168M__BSC55_PakistanChowk_2    	HWY2038__S_GarhiKapura_OLD        	12	410-01-642-32038                  
MRD168M__BSC55_PakistanChowk_2    	RTM2001__S_MainChowkRustam_OLD    	13	410-01-642-12001                  
MRD168M__BSC55_PakistanChowk_2    	RTM2001__S_MainChowkRustam_OLD    	13	410-01-642-22001                  
MRD168M__BSC55_PakistanChowk_2    	RTM2001__S_MainChowkRustam_OLD    	13	410-01-642-32001                  
MRD168M__BSC55_PakistanChowk_2    	BRC2932__S_Nakhtar_OLD            	14	410-01-642-12932                  
MRD168M__BSC55_PakistanChowk_2    	BRC2932__S_Nakhtar_OLD            	14	410-01-642-22932                  
MRD168M__BSC55_PakistanChowk_2    	BRC2932__S_Nakhtar_OLD            	14	410-01-642-32932                  
MRD168M__BSC55_PakistanChowk_2    	KAT2265__S_Sawaldher_OLD          	15	410-01-642-12265                  
MRD168M__BSC55_PakistanChowk_2    	KAT2265__S_Sawaldher_OLD          	15	410-01-642-22265                  
MRD168M__BSC55_PakistanChowk_2    	KAT2265__S_Sawaldher_OLD          	15	410-01-642-32265                  
MRD168M__BSC55_PakistanChowk_2    	SHB1310__S_hahbazGarhi_OLD        	16	410-01-642-11310                  
MRD168M__BSC55_PakistanChowk_2    	SHB1310__S_hahbazGarhi_OLD        	16	410-01-642-21310                  
MRD168M__BSC55_PakistanChowk_2    	SHB1310__S_hahbazGarhi_OLD        	16	410-01-642-31310                  
MRD168M__BSC55_PakistanChowk_2    	CHG2271__S_SadaBahar_OLD          	17	410-01-642-12271                  
MRD168M__BSC55_PakistanChowk_2    	CHG2271__S_SadaBahar_OLD          	17	410-01-642-22271                  
MRD168M__BSC55_PakistanChowk_2    	CHG2271__S_SadaBahar_OLD          	17	410-01-642-32271                  
MRD168M__BSC55_PakistanChowk_2    	RUR2003__H_GujratBukhshali_OLD    	18	410-01-642-12003                  
MRD168M__BSC55_PakistanChowk_2    	RUR2003__H_GujratBukhshali_OLD    	18	410-01-642-2003                   
MRD168M__BSC55_PakistanChowk_2    	RUR2003__H_GujratBukhshali_OLD    	18	410-01-642-32003                  
MRD168M__BSC55_PakistanChowk_2    	RUR2003__H_GujratBukhshali_OLD    	18	410-01-642-42003                  
MRD168M__BSC55_PakistanChowk_2    	RUR0660__S_KugaBuna_OLDir_OLD     	19	410-01-642-10660                  
MRD168M__BSC55_PakistanChowk_2    	RUR0660__S_KugaBuna_OLDir_OLD     	19	410-01-642-20660                  
MRD168M__BSC55_PakistanChowk_2    	RUR0660__S_KugaBuna_OLDir_OLD     	19	410-01-642-30660                  
MRD600M__BSC108_SikandriKarona2   	BSS-51:SITE-86:                   	86	410-01-44444-108                  
MRD600M__BSC108_SikandriKarona2   	BSS-51:SITE-86:                   	86	410-01-55555-108                  
MRP635M__BSC103_SecB4Mirpur_2     	DDY1961__S_Khadamabad_OLD         	1	410-01-645-11961                  
MRP635M__BSC103_SecB4Mirpur_2     	DDY1961__S_Khadamabad_OLD         	1	410-01-645-21961                  
MRP635M__BSC103_SecB4Mirpur_2     	DDY1961__S_Khadamabad_OLD         	1	410-01-645-31961                  
MRP635M__BSC103_SecB4Mirpur_2     	DDY2342__S_Chatro_OLD             	2	410-01-645-12342                  
MRP635M__BSC103_SecB4Mirpur_2     	DDY2342__S_Chatro_OLD             	2	410-01-645-22342                  
MRP635M__BSC103_SecB4Mirpur_2     	DDY2342__S_Chatro_OLD             	2	410-01-645-32342                  
MRP635M__BSC103_SecB4Mirpur_2     	DDY0230__S_Jarrai_old             	3	410-01-645-10230                  
MRP635M__BSC103_SecB4Mirpur_2     	DDY0230__S_Jarrai_old             	3	410-01-645-20230                  
MRP635M__BSC103_SecB4Mirpur_2     	DDY0230__S_Jarrai_old             	3	410-01-645-30230                  
MRP635M__BSC103_SecB4Mirpur_2     	DDY2343__S_SIAKH_OLD              	4	410-01-645-12343                  
MRP635M__BSC103_SecB4Mirpur_2     	DDY2343__S_SIAKH_OLD              	4	410-01-645-22343                  
MRP635M__BSC103_SecB4Mirpur_2     	DDY2343__S_SIAKH_OLD              	4	410-01-645-32343                  
MRP635M__BSC103_SecB4Mirpur_2     	DUD1055__S_Daloni_OLD             	5	410-01-645-11055                  
MRP635M__BSC103_SecB4Mirpur_2     	DUD1055__S_Daloni_OLD             	5	410-01-645-21055                  
MRP635M__BSC103_SecB4Mirpur_2     	DUD1055__S_Daloni_OLD             	5	410-01-645-31055                  
MRP635M__BSC103_SecB4Mirpur_2     	DUD1071__H_PoliceStation_OLD      	6	410-01-645-11071                  
MRP635M__BSC103_SecB4Mirpur_2     	DUD1071__H_PoliceStation_OLD      	6	410-01-645-21071                  
MRP635M__BSC103_SecB4Mirpur_2     	DUD1071__H_PoliceStation_OLD      	6	410-01-645-31071                  
MRP635M__BSC103_SecB4Mirpur_2     	DUD1966__S_BhalotKotha_SS         	7	410-01-254-11966                  
MRP635M__BSC103_SecB4Mirpur_2     	DUD1966__S_BhalotKotha_SS         	7	410-01-254-21966                  
MRP635M__BSC103_SecB4Mirpur_2     	DUD1966__S_BhalotKotha_SS         	7	410-01-254-31966                  
MRP635M__BSC103_SecB4Mirpur_2     	MBT2425__S_Plak                   	8	410-01-645-12425                  
MRP635M__BSC103_SecB4Mirpur_2     	MBT2425__S_Plak                   	8	410-01-645-22425                  
MRP635M__BSC103_SecB4Mirpur_2     	MBT2425__S_Plak                   	8	410-01-645-32425                  
MRP635M__BSC103_SecB4Mirpur_2     	DUD1968__S_GhosiaMosque_OLD       	9	410-01-645-11968                  
MRP635M__BSC103_SecB4Mirpur_2     	DUD1968__S_GhosiaMosque_OLD       	9	410-01-645-21968                  
MRP635M__BSC103_SecB4Mirpur_2     	DUD1968__S_GhosiaMosque_OLD       	9	410-01-645-31968                  
MRP635M__BSC103_SecB4Mirpur_2     	DDY2345__S_Dagar_old              	10	410-01-645-12345                  
MRP635M__BSC103_SecB4Mirpur_2     	DDY2345__S_Dagar_old              	10	410-01-645-22345                  
MRP635M__BSC103_SecB4Mirpur_2     	DDY2345__S_Dagar_old              	10	410-01-645-32345                  
MRP635M__BSC103_SecB4Mirpur_2     	DDY2346__S_Behari_old             	11	410-01-645-12346                  
MRP635M__BSC103_SecB4Mirpur_2     	DDY2346__S_Behari_old             	11	410-01-645-22346                  
MRP635M__BSC103_SecB4Mirpur_2     	DDY2346__S_Behari_old             	11	410-01-645-32346                  
MRP635M__BSC103_SecB4Mirpur_2     	DDY2388__S_Thaara_OLD             	12	410-01-645-12388                  
MRP635M__BSC103_SecB4Mirpur_2     	DDY2388__S_Thaara_OLD             	12	410-01-645-22388                  
MRP635M__BSC103_SecB4Mirpur_2     	DDY2388__S_Thaara_OLD             	12	410-01-645-32388                  
MRP635M__BSC103_SecB4Mirpur_2     	DDY2856__S_Ratta_OLD              	13	410-01-645-12856                  
MRP635M__BSC103_SecB4Mirpur_2     	DDY2856__S_Ratta_OLD              	13	410-01-645-22856                  
MRP635M__BSC103_SecB4Mirpur_2     	DDY2856__S_Ratta_OLD              	13	410-01-645-32856                  
MRP635M__BSC103_SecB4Mirpur_2     	RUR0301__S_Khattar_old            	14	410-01-645-10301                  
MRP635M__BSC103_SecB4Mirpur_2     	RUR0301__S_Khattar_old            	14	410-01-645-20301                  
MRP635M__BSC103_SecB4Mirpur_2     	RUR0301__S_Khattar_old            	14	410-01-645-30301                  
MRP635M__BSC103_SecB4Mirpur_2     	RUR0108__S_Jabber_OLD             	15	410-01-645-10108                  
MRP635M__BSC103_SecB4Mirpur_2     	RUR0108__S_Jabber_OLD             	15	410-01-645-20108                  
MRP635M__BSC103_SecB4Mirpur_2     	RUR0108__S_Jabber_OLD             	15	410-01-645-30108                  
MRP635M__BSC103_SecB4Mirpur_2     	DDY0233__S_Rajjdhani_old          	16	410-01-645-10233                  
MRP635M__BSC103_SecB4Mirpur_2     	DDY0233__S_Rajjdhani_old          	16	410-01-645-20233                  
MRP635M__BSC103_SecB4Mirpur_2     	DDY0233__S_Rajjdhani_old          	16	410-01-645-30233                  
MRP635M__BSC103_SecB4Mirpur_2     	DDY2002__S_PlakAJK_OLD            	17	410-01-645-12002                  
MRP635M__BSC103_SecB4Mirpur_2     	DDY2002__S_PlakAJK_OLD            	17	410-01-645-22002                  
MRP635M__BSC103_SecB4Mirpur_2     	DDY2002__S_PlakAJK_OLD            	17	410-01-645-32002                  
MRP635M__BSC103_SecB4Mirpur_2     	RUR0421__S_NalaMusalman_OLD       	18	410-01-254-10421                  
MRP635M__BSC103_SecB4Mirpur_2     	RUR0421__S_NalaMusalman_OLD       	18	410-01-254-20421                  
MRP635M__BSC103_SecB4Mirpur_2     	RUR0421__S_NalaMusalman_OLD       	18	410-01-254-30421                  
MRP635M__BSC103_SecB4Mirpur_2     	RUR0552__S_Kajlani_old            	19	410-01-645-10552                  
MRP635M__BSC103_SecB4Mirpur_2     	RUR0552__S_Kajlani_old            	19	410-01-645-20552                  
MRP635M__BSC103_SecB4Mirpur_2     	RUR0552__S_Kajlani_old            	19	410-01-645-30552                  
MRP635M__BSC103_SecB4Mirpur_2     	BSS-68:SITE-86:                   	86	410-01-44444-103                  
MRP635M__BSC103_SecB4Mirpur_2     	BSS-68:SITE-86:                   	86	410-01-55555-103                  
NOW634M__BSC102_Pabbi_2           	RUR1273__S_Jalozai_AB_OLD         	1	410-01-635-11273                  
NOW634M__BSC102_Pabbi_2           	RUR1273__S_Jalozai_AB_OLD         	1	410-01-635-21273                  
NOW634M__BSC102_Pabbi_2           	RUR3013__S_PirpaiNoshera_OLD      	2	410-01-635-13013                  
NOW634M__BSC102_Pabbi_2           	RUR3013__S_PirpaiNoshera_OLD      	2	410-01-635-23013                  
NOW634M__BSC102_Pabbi_2           	RUR3013__S_PirpaiNoshera_OLD      	2	410-01-635-33013                  
NOW634M__BSC102_Pabbi_2           	HWY1438__S_Azakheil_Payan_OLD     	3	410-01-635-11438                  
NOW634M__BSC102_Pabbi_2           	HWY1438__S_Azakheil_Payan_OLD     	3	410-01-635-21438                  
NOW634M__BSC102_Pabbi_2           	HWY1438__S_Azakheil_Payan_OLD     	3	410-01-635-31438                  
NOW634M__BSC102_Pabbi_2           	HWY0517__S_RisalprToChrsada_OLD   	4	410-01-635-10517                  
NOW634M__BSC102_Pabbi_2           	HWY0517__S_RisalprToChrsada_OLD   	4	410-01-635-20517                  
NOW634M__BSC102_Pabbi_2           	HWY0517__S_RisalprToChrsada_OLD   	4	410-01-635-30517                  
NOW634M__BSC102_Pabbi_2           	HWY2008__S_PeerPayai_OLD          	5	410-01-635-12008                  
NOW634M__BSC102_Pabbi_2           	HWY2008__S_PeerPayai_OLD          	5	410-01-635-22008                  
NOW634M__BSC102_Pabbi_2           	HWY2008__S_PeerPayai_OLD          	5	410-01-635-32008                  
NOW634M__BSC102_Pabbi_2           	HWY2008__S_PeerPayai_OLD          	5	410-01-635-42008                  
NOW634M__BSC102_Pabbi_2           	HWY2030__S_Kheshgi_OLD            	6	410-01-635-12030                  
NOW634M__BSC102_Pabbi_2           	HWY2030__S_Kheshgi_OLD            	6	410-01-635-22030                  
NOW634M__BSC102_Pabbi_2           	HWY2030__S_Kheshgi_OLD            	6	410-01-635-32030                  
NOW634M__BSC102_Pabbi_2           	RUR1273__S_Jalozai_C_OLD          	7	410-01-635-31273                  
NOW634M__BSC102_Pabbi_2           	RUR2546__S_Mohaibbanda_OLD        	8	410-01-635-12546                  
NOW634M__BSC102_Pabbi_2           	RUR2546__S_Mohaibbanda_OLD        	8	410-01-635-22546                  
NOW634M__BSC102_Pabbi_2           	RUR2546__S_Mohaibbanda_OLD        	8	410-01-635-32546                  
NOW634M__BSC102_Pabbi_2           	Pbi0358__H_Pabbi_sec_AB_OLD       	9	410-01-635-10358                  
NOW634M__BSC102_Pabbi_2           	Pbi0358__H_Pabbi_sec_AB_OLD       	9	410-01-635-20358                  
NOW634M__BSC102_Pabbi_2           	Pbi0358__H_Pabbi_sec_CD_OLD       	10	410-01-635-30358                  
NOW634M__BSC102_Pabbi_2           	Pbi0358__H_Pabbi_sec_CD_OLD       	10	410-01-635-40358                  
NOW634M__BSC102_Pabbi_2           	PBI1890__S_SherKhanGarhi_OLD      	11	410-01-635-11890                  
NOW634M__BSC102_Pabbi_2           	PBI1890__S_SherKhanGarhi_OLD      	11	410-01-635-21890                  
NOW634M__BSC102_Pabbi_2           	PBI1890__S_SherKhanGarhi_OLD      	11	410-01-635-31890                  
NOW634M__BSC102_Pabbi_2           	RUR3014__S_BoobakCharsada_OLD     	13	410-01-635-13014                  
NOW634M__BSC102_Pabbi_2           	RUR3014__S_BoobakCharsada_OLD     	13	410-01-635-23014                  
NOW634M__BSC102_Pabbi_2           	RUR3014__S_BoobakCharsada_OLD     	13	410-01-635-33014                  
NOW634M__BSC102_Pabbi_2           	RUR0444__S_DagiJadeed_OLD         	14	410-01-635-10444                  
NOW634M__BSC102_Pabbi_2           	RUR0444__S_DagiJadeed_OLD         	14	410-01-635-20444                  
NOW634M__BSC102_Pabbi_2           	RUR0444__S_DagiJadeed_OLD         	14	410-01-635-30444                  
NOW634M__BSC102_Pabbi_2           	RUR0665__S_KandiTazaDin_OLD       	15	410-01-635-10665                  
NOW634M__BSC102_Pabbi_2           	RUR0665__S_KandiTazaDin_OLD       	15	410-01-635-20665                  
NOW634M__BSC102_Pabbi_2           	RUR0665__S_KandiTazaDin_OLD       	15	410-01-635-30665                  
NOW634M__BSC102_Pabbi_2           	KHB0723__S_Torkhum                	16	410-01-611-10723                  
NOW634M__BSC102_Pabbi_2           	KHB0723__S_Torkhum                	16	410-01-611-20723                  
NOW634M__BSC102_Pabbi_2           	KHB0723__S_Torkhum                	16	410-01-611-30723                  
NOW634M__BSC102_Pabbi_2           	BSS-58:SITE-86:                   	86	410-01-44444-202                  
NOW634M__BSC102_Pabbi_2           	BSS-58:SITE-86:                   	86	410-01-5555-10358                 
NOW634M__BSC102_Pabbi_2           	BSS-58:SITE-86:                   	86	410-01-5555-20358                 
NOW634M__BSC102_Pabbi_2           	BSS-58:SITE-86:                   	86	410-01-55555-202                  
PSH665M__BSC116_MGWKohatRoad      	KHB3051__S_JamrudHighway_OLD      	1	410-01-648-13051                  
PSH665M__BSC116_MGWKohatRoad      	KHB3051__S_JamrudHighway_OLD      	1	410-01-648-23051                  
PSH665M__BSC116_MGWKohatRoad      	KHB3051__S_JamrudHighway_OLD      	1	410-01-648-33051                  
PSH665M__BSC116_MGWKohatRoad      	RTM1636__S_RustamCity_new         	5	410-01-455-11636                  
PSH665M__BSC116_MGWKohatRoad      	RTM1636__S_RustamCity_new         	5	410-01-455-21636                  
PSH665M__BSC116_MGWKohatRoad      	RTM1636__S_RustamCity_new         	5	410-01-455-31636                  
PSH665M__BSC116_MGWKohatRoad      	TLB1414__S_TelaBand_OLD           	8	410-01-614-11414                  
PSH665M__BSC116_MGWKohatRoad      	TLB1414__S_TelaBand_OLD           	8	410-01-614-21414                  
PSH665M__BSC116_MGWKohatRoad      	TLB1414__S_TelaBand_OLD           	8	410-01-614-31414                  
PSH665M__BSC116_MGWKohatRoad      	KHB1655__S_HajiAbdlahJnKhal_OLD   	13	410-01-614-11655                  
PSH665M__BSC116_MGWKohatRoad      	KHB1655__S_HajiAbdlahJnKhal_OLD   	13	410-01-614-21655                  
PSH665M__BSC116_MGWKohatRoad      	KHB1655__S_HajiAbdlahJnKhal_OLD   	13	410-01-614-31655                  
PSH665M__BSC116_MGWKohatRoad      	KHB1656__S_KhyberBara_OLD         	14	410-01-614-11656                  
PSH665M__BSC116_MGWKohatRoad      	KHB1656__S_KhyberBara_OLD         	14	410-01-614-21656                  
PSH665M__BSC116_MGWKohatRoad      	KHB1656__S_KhyberBara_OLD         	14	410-01-614-31656                  
PSH665M__BSC116_MGWKohatRoad      	KHB2294__S_JanKhanKalay           	15	410-01-614-12294                  
PSH665M__BSC116_MGWKohatRoad      	KHB2294__S_JanKhanKalay           	15	410-01-614-22294                  
PSH665M__BSC116_MGWKohatRoad      	KHB2294__S_JanKhanKalay           	15	410-01-614-32294                  
PSH665M__BSC116_MGWKohatRoad      	KHB2295__S_SpinQabar_ML           	16	410-01-614-12295                  
PSH665M__BSC116_MGWKohatRoad      	KHB2295__S_SpinQabar_ML           	16	410-01-614-22295                  
PSH665M__BSC116_MGWKohatRoad      	KHB2295__S_SpinQabar_ML           	16	410-01-614-32295                  
PSH665M__BSC116_MGWKohatRoad      	KHB2462__S_BaraQadeem_ML          	17	410-01-614-12462                  
PSH665M__BSC116_MGWKohatRoad      	KHB2462__S_BaraQadeem_ML          	17	410-01-614-22462                  
PSH665M__BSC116_MGWKohatRoad      	KHB2462__S_BaraQadeem_ML          	17	410-01-614-32462                  
PSH665M__BSC116_MGWKohatRoad      	KHB2463__S_AsadAbad               	18	410-01-614-12463                  
PSH665M__BSC116_MGWKohatRoad      	KHB2463__S_AsadAbad               	18	410-01-614-22463                  
PSH665M__BSC116_MGWKohatRoad      	KHB2463__S_AsadAbad               	18	410-01-614-32463                  
